<?xml version="1.0" encoding="UTF-8"?>
<testng-results total="1" passed="1" failed="0" skipped="0">
  <reporter-output>
  </reporter-output>
  <suite started-at="2020-07-14T11:02:01Z" name="Surefire suite" finished-at="2020-07-14T11:02:02Z" duration-ms="251">
    <groups>
    </groups>
    <test started-at="2020-07-14T11:02:01Z" name="Surefire test" finished-at="2020-07-14T11:02:02Z" duration-ms="251">
      <class name="CucumberFrameWork.AppTest">
        <test-method signature="shouldAnswerWithTrue()[pri:0, instance:shouldAnswerWithTrue(CucumberFrameWork.AppTest)]" started-at="2020-07-14T16:32:02Z" name="shouldAnswerWithTrue" finished-at="2020-07-14T16:32:02Z" duration-ms="6" status="PASS">
          <reporter-output>
          </reporter-output>
        </test-method> <!-- shouldAnswerWithTrue -->
      </class> <!-- CucumberFrameWork.AppTest -->
    </test> <!-- Surefire test -->
  </suite> <!-- Surefire suite -->
</testng-results>
